<?xml version="1.0" encoding="UTF-8"?>
<testng-results skipped="0" failed="0" ignored="0" total="1" passed="1">
  <reporter-output>
  </reporter-output>
  <suite name="Default suite" duration-ms="32294" started-at="2020-04-19T20:10:07Z" finished-at="2020-04-19T20:10:39Z">
    <groups>
    </groups>
    <test name="Default test" duration-ms="32294" started-at="2020-04-19T20:10:07Z" finished-at="2020-04-19T20:10:39Z">
      <class name="com.amazon.qa.testcases.HomePageTests">
        <test-method status="PASS" signature="setUp()[pri:0, instance:com.amazon.qa.testcases.HomePageTests@3abbfa04]" name="setUp" is-config="true" duration-ms="7737" started-at="2020-04-19T20:10:07Z" finished-at="2020-04-19T20:10:15Z">
          <reporter-output>
          </reporter-output>
        </test-method> <!-- setUp -->
        <test-method status="PASS" signature="addToCart()[pri:0, instance:com.amazon.qa.testcases.HomePageTests@3abbfa04]" name="addToCart" duration-ms="23715" started-at="2020-04-19T20:10:15Z" finished-at="2020-04-19T20:10:39Z">
          <reporter-output>
          </reporter-output>
        </test-method> <!-- addToCart -->
        <test-method status="PASS" signature="tearDown()[pri:0, instance:com.amazon.qa.testcases.HomePageTests@3abbfa04]" name="tearDown" is-config="true" duration-ms="784" started-at="2020-04-19T20:10:39Z" finished-at="2020-04-19T20:10:39Z">
          <reporter-output>
          </reporter-output>
        </test-method> <!-- tearDown -->
      </class> <!-- com.amazon.qa.testcases.HomePageTests -->
    </test> <!-- Default test -->
  </suite> <!-- Default suite -->
</testng-results>
